<?xml version="1.0" encoding="UTF-8"?>
<!-- Generated by org.testng.reporters.JUnitReportReporter -->
<testsuite hostname="DESKTOP-A1H2EAB" failures="0" tests="1" name="testcases.Register" time="25.509" errors="0" timestamp="2023-07-27T16:19:27 IST" skipped="0">
  <testcase classname="testcases.Register" name="create_Account" time="25.509"/>
  <system-out/>
</testsuite> <!-- testcases.Register -->
